Logfile initialized
[INFO] logfile = /home/shun/projects/Titanium Studio Workspace/tresurehunt/build.log
[DEBUG] /home/shun/.titanium/mobilesdk/linux/1.8.2/android/builder.py install tresurehunt /home/shun/android-sdk/android-sdk-linux_86 /home/shun/projects/Titanium Studio Workspace/tresurehunt tresurehunt.craftgear.net 3
[INFO] Titanium SDK version: 1.8.2 (02/23/12 17:46 59b3a90)
[DEBUG] Waiting for device to be ready ...
[TRACE] adb devices returned 1 devices/emulators
[DEBUG] Device connected... (waited 0 seconds)
[DEBUG] waited 0.009631 seconds on emulator to get ready
[DEBUG] tresurehunt.craftgear.net installed? True
[INFO] Copying project resources..
[TRACE] COPYING MODIFIED FILE: /home/shun/projects/Titanium Studio Workspace/tresurehunt/Resources/app.js => /home/shun/projects/Titanium Studio Workspace/tresurehunt/build/android/bin/assets/Resources/app.js
[TRACE] Generating Java Classes
[DEBUG] Processing Android resource drawables
[TRACE] COPYING FILE: /home/shun/projects/Titanium Studio Workspace/tresurehunt/Resources/android/images/res-long-port-hdpi/default.old => /home/shun/projects/Titanium Studio Workspace/tresurehunt/build/android/res/drawable-long-port-hdpi/default_f8692e637a.old
[TRACE] COPYING FILE: /home/shun/projects/Titanium Studio Workspace/tresurehunt/Resources/android/images/res-long-port-ldpi/default.old => /home/shun/projects/Titanium Studio Workspace/tresurehunt/build/android/res/drawable-long-port-ldpi/default_f8692e637a.old
[DEBUG] copying app icon: /home/shun/projects/Titanium Studio Workspace/tresurehunt/build/android/bin/assets/Resources/appicon.png
[DEBUG] generating theme.xml
[DEBUG] found drawable-long-land-ldpi splash screen at /home/shun/projects/Titanium Studio Workspace/tresurehunt/Resources/android/images/res-long-land-ldpi/default.png
[DEBUG] copying /home/shun/projects/Titanium Studio Workspace/tresurehunt/Resources/android/images/res-long-land-ldpi/default.png splash screen to /home/shun/projects/Titanium Studio Workspace/tresurehunt/build/android/res/drawable-long-land-ldpi/background.png
[DEBUG] found drawable-notlong-land-mdpi splash screen at /home/shun/projects/Titanium Studio Workspace/tresurehunt/Resources/android/images/res-notlong-land-mdpi/default.png
[DEBUG] copying /home/shun/projects/Titanium Studio Workspace/tresurehunt/Resources/android/images/res-notlong-land-mdpi/default.png splash screen to /home/shun/projects/Titanium Studio Workspace/tresurehunt/build/android/res/drawable-notlong-land-mdpi/background.png
[DEBUG] found drawable-notlong-land-hdpi splash screen at /home/shun/projects/Titanium Studio Workspace/tresurehunt/Resources/android/images/res-notlong-land-hdpi/default.png
[DEBUG] copying /home/shun/projects/Titanium Studio Workspace/tresurehunt/Resources/android/images/res-notlong-land-hdpi/default.png splash screen to /home/shun/projects/Titanium Studio Workspace/tresurehunt/build/android/res/drawable-notlong-land-hdpi/background.png
[DEBUG] found drawable-notlong-land-ldpi splash screen at /home/shun/projects/Titanium Studio Workspace/tresurehunt/Resources/android/images/res-notlong-land-ldpi/default.png
[DEBUG] copying /home/shun/projects/Titanium Studio Workspace/tresurehunt/Resources/android/images/res-notlong-land-ldpi/default.png splash screen to /home/shun/projects/Titanium Studio Workspace/tresurehunt/build/android/res/drawable-notlong-land-ldpi/background.png
[DEBUG] found drawable-notlong-port-hdpi splash screen at /home/shun/projects/Titanium Studio Workspace/tresurehunt/Resources/android/images/res-notlong-port-hdpi/default.png
[DEBUG] copying /home/shun/projects/Titanium Studio Workspace/tresurehunt/Resources/android/images/res-notlong-port-hdpi/default.png splash screen to /home/shun/projects/Titanium Studio Workspace/tresurehunt/build/android/res/drawable-notlong-port-hdpi/background.png
[DEBUG] found drawable-notlong-port-mdpi splash screen at /home/shun/projects/Titanium Studio Workspace/tresurehunt/Resources/android/images/res-notlong-port-mdpi/default.png
[DEBUG] copying /home/shun/projects/Titanium Studio Workspace/tresurehunt/Resources/android/images/res-notlong-port-mdpi/default.png splash screen to /home/shun/projects/Titanium Studio Workspace/tresurehunt/build/android/res/drawable-notlong-port-mdpi/background.png
[DEBUG] found drawable-notlong-port-ldpi splash screen at /home/shun/projects/Titanium Studio Workspace/tresurehunt/Resources/android/images/res-notlong-port-ldpi/default.png
[DEBUG] copying /home/shun/projects/Titanium Studio Workspace/tresurehunt/Resources/android/images/res-notlong-port-ldpi/default.png splash screen to /home/shun/projects/Titanium Studio Workspace/tresurehunt/build/android/res/drawable-notlong-port-ldpi/background.png
[DEBUG] found drawable-long-port-ldpi splash screen at /home/shun/projects/Titanium Studio Workspace/tresurehunt/Resources/android/images/res-long-port-ldpi/default.png
[DEBUG] copying /home/shun/projects/Titanium Studio Workspace/tresurehunt/Resources/android/images/res-long-port-ldpi/default.png splash screen to /home/shun/projects/Titanium Studio Workspace/tresurehunt/build/android/res/drawable-long-port-ldpi/background.png
[DEBUG] found drawable-long-land-hdpi splash screen at /home/shun/projects/Titanium Studio Workspace/tresurehunt/Resources/android/images/res-long-land-hdpi/default.png
[DEBUG] copying /home/shun/projects/Titanium Studio Workspace/tresurehunt/Resources/android/images/res-long-land-hdpi/default.png splash screen to /home/shun/projects/Titanium Studio Workspace/tresurehunt/build/android/res/drawable-long-land-hdpi/background.png
[DEBUG] found splash screen at /home/shun/projects/Titanium Studio Workspace/tresurehunt/build/android/bin/assets/Resources/default.png
[TRACE] Writing out AndroidManifest.xml
[DEBUG] adding /home/shun/projects/Titanium Studio Workspace/tresurehunt/build/android/gen/tresurehunt/craftgear/net/TresurehuntAppInfo.java to javac build list
[DEBUG] adding /home/shun/projects/Titanium Studio Workspace/tresurehunt/build/android/gen/tresurehunt/craftgear/net/TresurehuntApplication.java to javac build list
[DEBUG] adding /home/shun/projects/Titanium Studio Workspace/tresurehunt/build/android/gen/tresurehunt/craftgear/net/R.java to javac build list
[DEBUG] adding /home/shun/projects/Titanium Studio Workspace/tresurehunt/build/android/gen/tresurehunt/craftgear/net/TresurehuntActivity.java to javac build list
[DEBUG] Building Java Sources: "/home/shun/projects/Titanium Studio Workspace/tresurehunt/build/android/gen/tresurehunt/craftgear/net/TresurehuntAppInfo.java" "/home/shun/projects/Titanium Studio Workspace/tresurehunt/build/android/gen/tresurehunt/craftgear/net/TresurehuntApplication.java" "/home/shun/projects/Titanium Studio Workspace/tresurehunt/build/android/gen/tresurehunt/craftgear/net/R.java" "/home/shun/projects/Titanium Studio Workspace/tresurehunt/build/android/gen/tresurehunt/craftgear/net/TresurehuntActivity.java"
[INFO] Compiling Android Resources... This could take some time
[DEBUG] Android classes.dex built
[DEBUG] creating unsigned apk: /home/shun/projects/Titanium Studio Workspace/tresurehunt/build/android/bin/app-unsigned.apk
[DEBUG] from resource zip => assets/Resources/images/button.png
[DEBUG] from resource zip => assets/Resources/images/cat.jpg
[DEBUG] from resource zip => assets/Resources/images/demo02.png
[DEBUG] from resource zip => assets/Resources/images/human.png
[DEBUG] from resource zip => assets/Resources/images/kyoto.png
[DEBUG] from resource zip => assets/Resources/images/map01.png
[DEBUG] from resource zip => assets/Resources/images/marker.png
[DEBUG] from resource zip => assets/Resources/KS_nav_ui.png
[DEBUG] from resource zip => assets/Resources/KS_nav_views.png
[DEBUG] from resource zip => assets/Resources/app.js
[DEBUG] from resource zip => assets/Resources/appicon.png
[DEBUG] from resource zip => assets/Resources/default.png
[DEBUG] from resource zip => assets/app.json
[DEBUG] from resource zip => assets/index.json
[DEBUG] from resource zip => assets/tiapp.xml
[DEBUG] from resource zip => res/drawable/appicon.png
[DEBUG] from resource zip => res/drawable/background.png
[DEBUG] from resource zip => res/layout/titanium_tabgroup.xml
[DEBUG] from resource zip => AndroidManifest.xml
[DEBUG] from resource zip => resources.arsc
[DEBUG] from resource zip => res/drawable-long-land-hdpi/background.png
[DEBUG] from resource zip => res/drawable-long-land-ldpi/background.png
[DEBUG] from resource zip => res/drawable-long-port-hdpi/default_f8692e637a.old
[DEBUG] from resource zip => res/drawable-long-port-ldpi/background.png
[DEBUG] from resource zip => res/drawable-long-port-ldpi/default_f8692e637a.old
[DEBUG] from resource zip => res/drawable-notlong-land-hdpi/background.png
[DEBUG] from resource zip => res/drawable-notlong-land-ldpi/background.png
[DEBUG] from resource zip => res/drawable-notlong-land-mdpi/background.png
[DEBUG] from resource zip => res/drawable-notlong-port-hdpi/background.png
[DEBUG] from resource zip => res/drawable-notlong-port-ldpi/background.png
[DEBUG] from resource zip => res/drawable-notlong-port-mdpi/background.png
[DEBUG] from JAR /home/shun/.titanium/mobilesdk/linux/1.8.2/android/js.jar => org/mozilla/javascript/resources/Messages.properties
[DEBUG] from JAR /home/shun/.titanium/mobilesdk/linux/1.8.2/android/js.jar => org/mozilla/javascript/resources/Messages_fr.properties
[DEBUG] from JAR /home/shun/.titanium/mobilesdk/linux/1.8.2/android/js.jar => org/mozilla/javascript/tools/resources/Messages.properties
[DEBUG] from JAR /home/shun/.titanium/mobilesdk/linux/1.8.2/android/modules/titanium-ui.jar => ti/modules/titanium/ui/widget/webview/binding.js
[DEBUG] from JAR /home/shun/.titanium/mobilesdk/linux/1.8.2/android/modules/titanium-ui.jar => ti/modules/titanium/ui/widget/webview/binding.min.js
[DEBUG] from JAR /home/shun/.titanium/mobilesdk/linux/1.8.2/android/modules/titanium-ui.jar => ti/modules/titanium/ui/widget/webview/json2.js
[DEBUG] from JAR /home/shun/.titanium/mobilesdk/linux/1.8.2/android/titanium.jar => org/appcelerator/titanium/build.properties
[DEBUG] from JAR /home/shun/.titanium/mobilesdk/linux/1.8.2/android/titanium.jar => org/appcelerator/titanium/res/drawable/background.png
[DEBUG] from JAR /home/shun/.titanium/mobilesdk/linux/1.8.2/android/titanium.jar => org/appcelerator/titanium/res/drawable/btn_check_buttonless_on.png
[DEBUG] from JAR /home/shun/.titanium/mobilesdk/linux/1.8.2/android/titanium.jar => org/appcelerator/titanium/res/drawable/btn_check_buttonless_on_18.png
[DEBUG] from JAR /home/shun/.titanium/mobilesdk/linux/1.8.2/android/titanium.jar => org/appcelerator/titanium/res/drawable/btn_check_buttonless_on_48.png
[DEBUG] from JAR /home/shun/.titanium/mobilesdk/linux/1.8.2/android/titanium.jar => org/appcelerator/titanium/res/drawable/btn_more.png
[DEBUG] from JAR /home/shun/.titanium/mobilesdk/linux/1.8.2/android/titanium.jar => org/appcelerator/titanium/res/drawable/btn_more_18.png
[DEBUG] from JAR /home/shun/.titanium/mobilesdk/linux/1.8.2/android/titanium.jar => org/appcelerator/titanium/res/drawable/btn_more_48.png
[DEBUG] from JAR /home/shun/.titanium/mobilesdk/linux/1.8.2/android/titanium.jar => org/appcelerator/titanium/res/drawable/btn_picker_normal.9.png
[DEBUG] from JAR /home/shun/.titanium/mobilesdk/linux/1.8.2/android/titanium.jar => org/appcelerator/titanium/res/drawable/btn_picker_pressed.9.png
[DEBUG] from JAR /home/shun/.titanium/mobilesdk/linux/1.8.2/android/titanium.jar => org/appcelerator/titanium/res/drawable/btn_picker_selected.9.png
[DEBUG] from JAR /home/shun/.titanium/mobilesdk/linux/1.8.2/android/titanium.jar => org/appcelerator/titanium/res/drawable/default_icon.png
[DEBUG] from JAR /home/shun/.titanium/mobilesdk/linux/1.8.2/android/titanium.jar => org/appcelerator/titanium/res/drawable/photoDefault.png
[DEBUG] Waiting for device to be ready ...
[TRACE] adb devices returned 1 devices/emulators
[DEBUG] Device connected... (waited 0 seconds)
[DEBUG] waited 0.010506 seconds on emulator to get ready
[INFO] Installing application on device
[INFO] Application installed. Launch from drawer on Home Screen
